{"name": "Add notes", "status": "broken", "statusDetails": {"message": "selenium.common.exceptions.NoSuchElementException: Message: no such element: Unable to locate element: {\"method\":\"xpath\",\"selector\":\"/html/body/app-root/app-layout/div/div/main/div/app-view-lead/div/div[2]/div/main/div[2]/div/app-notes/div/div[3]/div[1]/app-task-alert/div/div[2]/div/div/div[2]/button[1]\"}\n  (Session info: chrome=116.0.5845.96); For documentation on this error, please visit: https://www.selenium.dev/documentation/webdriver/troubleshooting/errors#no-such-element-exception\nStacktrace:\n\tGetHandleVerifier [0x00007FF6C4BC52A2+57122]\n\t(No symbol) [0x00007FF6C4B3EA92]\n\t(No symbol) [0x00007FF6C4A0E3AB]\n\t(No symbol) [0x00007FF6C4A47D3E]\n\t(No symbol) [0x00007FF6C4A47E2C]\n\t(No symbol) [0x00007FF6C4A80B67]\n\t(No symbol) [0x00007FF6C4A6701F]\n\t(No symbol) [0x00007FF6C4A7EB82]\n\t(No symbol) [0x00007FF6C4A66DB3]\n\t(No symbol) [0x00007FF6C4A3D2B1]\n\t(No symbol) [0x00007FF6C4A3E494]\n\tGetHandleVerifier [0x00007FF6C4E6EF82+2849794]\n\tGetHandleVerifier [0x00007FF6C4EC1D24+3189156]\n\tGetHandleVerifier [0x00007FF6C4EBACAF+3160367]\n\tGetHandleVerifier [0x00007FF6C4C56D06+653702]\n\t(No symbol) [0x00007FF6C4B4A208]\n\t(No symbol) [0x00007FF6C4B462C4]\n\t(No symbol) [0x00007FF6C4B463F6]\n\t(No symbol) [0x00007FF6C4B367A3]\n\tBaseThreadInitThunk [0x00007FF95C0026AD+29]\n\tRtlUserThreadStart [0x00007FF95C1CAA68+40]\n\n", "trace": "  File \"C:\\Users\\abzalhussain\\PycharmProjects\\propflow\\venv\\Lib\\site-packages\\behave\\model.py\", line 1329, in run\n    match.run(runner.context)\n  File \"C:\\Users\\abzalhussain\\PycharmProjects\\propflow\\venv\\Lib\\site-packages\\behave\\matchers.py\", line 98, in run\n    self.func(context, *args, **kwargs)\n  File \"features\\steps\\AddLead.py\", line 122, in step_impl\n    context.NP.enter_note_in_box(i[\"notesDescription\"])\n  File \"C:\\Users\\abzalhussain\\PycharmProjects\\propflow\\features\\pages\\NotesPage.py\", line 32, in enter_note_in_box\n    self.driver.find_element(By.XPATH,self.closePopUp_XPATH).click()\n    ^^^^^^^^^^^^^^^^^^^^^^^^^^^^^^^^^^^^^^^^^^^^^^^^^^^^^^^^\n  File \"C:\\Users\\abzalhussain\\AppData\\Local\\Programs\\Python\\Python311\\Lib\\site-packages\\selenium\\webdriver\\remote\\webdriver.py\", line 739, in find_element\n    return self.execute(Command.FIND_ELEMENT, {\"using\": by, \"value\": value})[\"value\"]\n           ^^^^^^^^^^^^^^^^^^^^^^^^^^^^^^^^^^^^^^^^^^^^^^^^^^^^^^^^^^^^^^^^^\n  File \"C:\\Users\\abzalhussain\\AppData\\Local\\Programs\\Python\\Python311\\Lib\\site-packages\\selenium\\webdriver\\remote\\webdriver.py\", line 345, in execute\n    self.error_handler.check_response(response)\n  File \"C:\\Users\\abzalhussain\\AppData\\Local\\Programs\\Python\\Python311\\Lib\\site-packages\\selenium\\webdriver\\remote\\errorhandler.py\", line 229, in check_response\n    raise exception_class(message, screen, stacktrace)\n"}, "steps": [{"name": "When clickon Notes taskbar", "status": "passed", "start": 1692290265652, "stop": 1692290267722}, {"name": "And click on create notes", "status": "passed", "start": 1692290267722, "stop": 1692290269812}, {"name": "And write description in notes and save", "status": "broken", "statusDetails": {"message": "selenium.common.exceptions.NoSuchElementException: Message: no such element: Unable to locate element: {\"method\":\"xpath\",\"selector\":\"/html/body/app-root/app-layout/div/div/main/div/app-view-lead/div/div[2]/div/main/div[2]/div/app-notes/div/div[3]/div[1]/app-task-alert/div/div[2]/div/div/div[2]/button[1]\"}\n  (Session info: chrome=116.0.5845.96); For documentation on this error, please visit: https://www.selenium.dev/documentation/webdriver/troubleshooting/errors#no-such-element-exception\nStacktrace:\n\tGetHandleVerifier [0x00007FF6C4BC52A2+57122]\n\t(No symbol) [0x00007FF6C4B3EA92]\n\t(No symbol) [0x00007FF6C4A0E3AB]\n\t(No symbol) [0x00007FF6C4A47D3E]\n\t(No symbol) [0x00007FF6C4A47E2C]\n\t(No symbol) [0x00007FF6C4A80B67]\n\t(No symbol) [0x00007FF6C4A6701F]\n\t(No symbol) [0x00007FF6C4A7EB82]\n\t(No symbol) [0x00007FF6C4A66DB3]\n\t(No symbol) [0x00007FF6C4A3D2B1]\n\t(No symbol) [0x00007FF6C4A3E494]\n\tGetHandleVerifier [0x00007FF6C4E6EF82+2849794]\n\tGetHandleVerifier [0x00007FF6C4EC1D24+3189156]\n\tGetHandleVerifier [0x00007FF6C4EBACAF+3160367]\n\tGetHandleVerifier [0x00007FF6C4C56D06+653702]\n\t(No symbol) [0x00007FF6C4B4A208]\n\t(No symbol) [0x00007FF6C4B462C4]\n\t(No symbol) [0x00007FF6C4B463F6]\n\t(No symbol) [0x00007FF6C4B367A3]\n\tBaseThreadInitThunk [0x00007FF95C0026AD+29]\n\tRtlUserThreadStart [0x00007FF95C1CAA68+40]\n\n", "trace": "  File \"C:\\Users\\abzalhussain\\PycharmProjects\\propflow\\venv\\Lib\\site-packages\\behave\\model.py\", line 1329, in run\n    match.run(runner.context)\n  File \"C:\\Users\\abzalhussain\\PycharmProjects\\propflow\\venv\\Lib\\site-packages\\behave\\matchers.py\", line 98, in run\n    self.func(context, *args, **kwargs)\n  File \"features\\steps\\AddLead.py\", line 122, in step_impl\n    context.NP.enter_note_in_box(i[\"notesDescription\"])\n  File \"C:\\Users\\abzalhussain\\PycharmProjects\\propflow\\features\\pages\\NotesPage.py\", line 32, in enter_note_in_box\n    self.driver.find_element(By.XPATH,self.closePopUp_XPATH).click()\n    ^^^^^^^^^^^^^^^^^^^^^^^^^^^^^^^^^^^^^^^^^^^^^^^^^^^^^^^^\n  File \"C:\\Users\\abzalhussain\\AppData\\Local\\Programs\\Python\\Python311\\Lib\\site-packages\\selenium\\webdriver\\remote\\webdriver.py\", line 739, in find_element\n    return self.execute(Command.FIND_ELEMENT, {\"using\": by, \"value\": value})[\"value\"]\n           ^^^^^^^^^^^^^^^^^^^^^^^^^^^^^^^^^^^^^^^^^^^^^^^^^^^^^^^^^^^^^^^^^\n  File \"C:\\Users\\abzalhussain\\AppData\\Local\\Programs\\Python\\Python311\\Lib\\site-packages\\selenium\\webdriver\\remote\\webdriver.py\", line 345, in execute\n    self.error_handler.check_response(response)\n  File \"C:\\Users\\abzalhussain\\AppData\\Local\\Programs\\Python\\Python311\\Lib\\site-packages\\selenium\\webdriver\\remote\\errorhandler.py\", line 229, in check_response\n    raise exception_class(message, screen, stacktrace)\n"}, "attachments": [{"name": ".table", "source": "3aacbc5f-09b7-4438-b10b-980fe4395d51-attachment.csv", "type": "text/csv"}], "start": 1692290269812, "stop": 1692290284274}, {"name": "Then check the note is created or not", "status": "skipped", "start": 1692290284274, "stop": 1692290284274}], "start": 1692290265647, "stop": 1692290284274, "uuid": "f39dc496-77ba-4d6a-ac76-4523f1f0c4a1", "historyId": "231ab29070efb66ef0c744f6fdb21665", "fullName": "Adding Lead: Add notes", "labels": [{"name": "severity", "value": "normal"}, {"name": "feature", "value": "Adding Lead"}, {"name": "framework", "value": "behave"}, {"name": "language", "value": "cpython3"}]}